<?xml version="1.0" encoding="UTF-8"?>
<testng-results skipped="0" failed="2" total="5" passed="3">
  <reporter-output>
  </reporter-output>
  <suite name="Default suite" duration-ms="69184" started-at="2020-06-13T17:48:52Z" finished-at="2020-06-13T17:50:01Z">
    <groups>
    </groups>
    <test name="Default test" duration-ms="69184" started-at="2020-06-13T17:48:52Z" finished-at="2020-06-13T17:50:01Z">
      <class name="carcheck.TestRunner">
        <test-method status="PASS" signature="setUpClass()[pri:0, instance:carcheck.TestRunner@7085bdee]" name="setUpClass" is-config="true" duration-ms="58" started-at="2020-06-13T23:18:52Z" finished-at="2020-06-13T23:18:52Z">
          <reporter-output>
          </reporter-output>
        </test-method> <!-- setUpClass -->
        <test-method status="PASS" signature="beforeMethod()[pri:0, instance:carcheck.TestRunner@7085bdee]" name="beforeMethod" is-config="true" duration-ms="9454" started-at="2020-06-13T23:18:52Z" finished-at="2020-06-13T23:19:01Z">
          <reporter-output>
          </reporter-output>
        </test-method> <!-- beforeMethod -->
        <test-method status="FAIL" signature="instanceDbProvider(carcheck.model.CarModel)[pri:0, instance:carcheck.TestRunner@7085bdee]" name="instanceDbProvider" duration-ms="3685" started-at="2020-06-13T23:19:01Z" data-provider="testData" finished-at="2020-06-13T23:19:05Z">
          <params>
            <param index="0">
              <value>
                <![CDATA[CarModel [carNum=ï»¿KL57CMX, carColor=null, make=null, year=null]]]>
              </value>
            </param>
          </params>
          <exception class="java.lang.AssertionError">
            <message>
              <![CDATA[Car not matched from output list]]>
            </message>
            <full-stacktrace>
              <![CDATA[java.lang.AssertionError: Car not matched from output list
	at org.testng.Assert.fail(Assert.java:94)
	at carcheck.TestRunner.instanceDbProvider(TestRunner.java:161)
	at sun.reflect.NativeMethodAccessorImpl.invoke0(Native Method)
	at sun.reflect.NativeMethodAccessorImpl.invoke(NativeMethodAccessorImpl.java:62)
	at sun.reflect.DelegatingMethodAccessorImpl.invoke(DelegatingMethodAccessorImpl.java:43)
	at java.lang.reflect.Method.invoke(Method.java:498)
	at org.testng.internal.MethodInvocationHelper.invokeMethod(MethodInvocationHelper.java:85)
	at org.testng.internal.Invoker.invokeMethod(Invoker.java:639)
	at org.testng.internal.Invoker.invokeTestMethod(Invoker.java:816)
	at org.testng.internal.Invoker.invokeTestMethods(Invoker.java:1124)
	at org.testng.internal.TestMethodWorker.invokeTestMethods(TestMethodWorker.java:125)
	at org.testng.internal.TestMethodWorker.run(TestMethodWorker.java:108)
	at org.testng.TestRunner.privateRun(TestRunner.java:774)
	at org.testng.TestRunner.run(TestRunner.java:624)
	at org.testng.SuiteRunner.runTest(SuiteRunner.java:359)
	at org.testng.SuiteRunner.runSequentially(SuiteRunner.java:354)
	at org.testng.SuiteRunner.privateRun(SuiteRunner.java:312)
	at org.testng.SuiteRunner.run(SuiteRunner.java:261)
	at org.testng.SuiteRunnerWorker.runSuite(SuiteRunnerWorker.java:52)
	at org.testng.SuiteRunnerWorker.run(SuiteRunnerWorker.java:86)
	at org.testng.TestNG.runSuitesSequentially(TestNG.java:1191)
	at org.testng.TestNG.runSuitesLocally(TestNG.java:1116)
	at org.testng.TestNG.run(TestNG.java:1024)
	at org.testng.remote.AbstractRemoteTestNG.run(AbstractRemoteTestNG.java:115)
	at org.testng.remote.RemoteTestNG.initAndRun(RemoteTestNG.java:251)
	at org.testng.remote.RemoteTestNG.main(RemoteTestNG.java:77)
]]>
            </full-stacktrace>
          </exception> <!-- java.lang.AssertionError -->
          <reporter-output>
          </reporter-output>
        </test-method> <!-- instanceDbProvider -->
        <test-method status="PASS" signature="cleanUp()[pri:0, instance:carcheck.TestRunner@7085bdee]" name="cleanUp" is-config="true" duration-ms="7450" started-at="2020-06-13T23:19:05Z" finished-at="2020-06-13T23:19:12Z">
          <reporter-output>
          </reporter-output>
        </test-method> <!-- cleanUp -->
        <test-method status="PASS" signature="beforeMethod()[pri:0, instance:carcheck.TestRunner@7085bdee]" name="beforeMethod" is-config="true" duration-ms="9042" started-at="2020-06-13T23:19:12Z" finished-at="2020-06-13T23:19:22Z">
          <reporter-output>
          </reporter-output>
        </test-method> <!-- beforeMethod -->
        <test-method status="PASS" signature="instanceDbProvider(carcheck.model.CarModel)[pri:0, instance:carcheck.TestRunner@7085bdee]" name="instanceDbProvider" duration-ms="3148" started-at="2020-06-13T23:19:22Z" data-provider="testData" finished-at="2020-06-13T23:19:25Z">
          <params>
            <param index="0">
              <value>
                <![CDATA[CarModel [carNum=DN09HRM, carColor=null, make=null, year=null]]]>
              </value>
            </param>
          </params>
          <reporter-output>
          </reporter-output>
        </test-method> <!-- instanceDbProvider -->
        <test-method status="PASS" signature="cleanUp()[pri:0, instance:carcheck.TestRunner@7085bdee]" name="cleanUp" is-config="true" duration-ms="378" started-at="2020-06-13T23:19:25Z" finished-at="2020-06-13T23:19:25Z">
          <reporter-output>
          </reporter-output>
        </test-method> <!-- cleanUp -->
        <test-method status="PASS" signature="beforeMethod()[pri:0, instance:carcheck.TestRunner@7085bdee]" name="beforeMethod" is-config="true" duration-ms="7719" started-at="2020-06-13T23:19:25Z" finished-at="2020-06-13T23:19:33Z">
          <reporter-output>
          </reporter-output>
        </test-method> <!-- beforeMethod -->
        <test-method status="FAIL" signature="instanceDbProvider(carcheck.model.CarModel)[pri:0, instance:carcheck.TestRunner@7085bdee]" name="instanceDbProvider" duration-ms="2454" started-at="2020-06-13T23:19:33Z" data-provider="testData" finished-at="2020-06-13T23:19:35Z">
          <params>
            <param index="0">
              <value>
                <![CDATA[CarModel [carNum=BW57BOW, carColor=null, make=null, year=null]]]>
              </value>
            </param>
          </params>
          <exception class="java.lang.AssertionError">
            <message>
              <![CDATA[Car not found]]>
            </message>
            <full-stacktrace>
              <![CDATA[java.lang.AssertionError: Car not found
	at org.testng.Assert.fail(Assert.java:94)
	at carcheck.TestRunner.instanceDbProvider(TestRunner.java:166)
	at sun.reflect.NativeMethodAccessorImpl.invoke0(Native Method)
	at sun.reflect.NativeMethodAccessorImpl.invoke(NativeMethodAccessorImpl.java:62)
	at sun.reflect.DelegatingMethodAccessorImpl.invoke(DelegatingMethodAccessorImpl.java:43)
	at java.lang.reflect.Method.invoke(Method.java:498)
	at org.testng.internal.MethodInvocationHelper.invokeMethod(MethodInvocationHelper.java:85)
	at org.testng.internal.Invoker.invokeMethod(Invoker.java:639)
	at org.testng.internal.Invoker.invokeTestMethod(Invoker.java:816)
	at org.testng.internal.Invoker.invokeTestMethods(Invoker.java:1124)
	at org.testng.internal.TestMethodWorker.invokeTestMethods(TestMethodWorker.java:125)
	at org.testng.internal.TestMethodWorker.run(TestMethodWorker.java:108)
	at org.testng.TestRunner.privateRun(TestRunner.java:774)
	at org.testng.TestRunner.run(TestRunner.java:624)
	at org.testng.SuiteRunner.runTest(SuiteRunner.java:359)
	at org.testng.SuiteRunner.runSequentially(SuiteRunner.java:354)
	at org.testng.SuiteRunner.privateRun(SuiteRunner.java:312)
	at org.testng.SuiteRunner.run(SuiteRunner.java:261)
	at org.testng.SuiteRunnerWorker.runSuite(SuiteRunnerWorker.java:52)
	at org.testng.SuiteRunnerWorker.run(SuiteRunnerWorker.java:86)
	at org.testng.TestNG.runSuitesSequentially(TestNG.java:1191)
	at org.testng.TestNG.runSuitesLocally(TestNG.java:1116)
	at org.testng.TestNG.run(TestNG.java:1024)
	at org.testng.remote.AbstractRemoteTestNG.run(AbstractRemoteTestNG.java:115)
	at org.testng.remote.RemoteTestNG.initAndRun(RemoteTestNG.java:251)
	at org.testng.remote.RemoteTestNG.main(RemoteTestNG.java:77)
]]>
            </full-stacktrace>
          </exception> <!-- java.lang.AssertionError -->
          <reporter-output>
          </reporter-output>
        </test-method> <!-- instanceDbProvider -->
        <test-method status="PASS" signature="cleanUp()[pri:0, instance:carcheck.TestRunner@7085bdee]" name="cleanUp" is-config="true" duration-ms="459" started-at="2020-06-13T23:19:35Z" finished-at="2020-06-13T23:19:36Z">
          <reporter-output>
          </reporter-output>
        </test-method> <!-- cleanUp -->
        <test-method status="PASS" signature="beforeMethod()[pri:0, instance:carcheck.TestRunner@7085bdee]" name="beforeMethod" is-config="true" duration-ms="8018" started-at="2020-06-13T23:19:36Z" finished-at="2020-06-13T23:19:44Z">
          <reporter-output>
          </reporter-output>
        </test-method> <!-- beforeMethod -->
        <test-method status="PASS" signature="instanceDbProvider(carcheck.model.CarModel)[pri:0, instance:carcheck.TestRunner@7085bdee]" name="instanceDbProvider" duration-ms="2739" started-at="2020-06-13T23:19:44Z" data-provider="testData" finished-at="2020-06-13T23:19:46Z">
          <params>
            <param index="0">
              <value>
                <![CDATA[CarModel [carNum=KT17DLX, carColor=null, make=null, year=null]]]>
              </value>
            </param>
          </params>
          <reporter-output>
          </reporter-output>
        </test-method> <!-- instanceDbProvider -->
        <test-method status="PASS" signature="cleanUp()[pri:0, instance:carcheck.TestRunner@7085bdee]" name="cleanUp" is-config="true" duration-ms="327" started-at="2020-06-13T23:19:46Z" finished-at="2020-06-13T23:19:47Z">
          <reporter-output>
          </reporter-output>
        </test-method> <!-- cleanUp -->
        <test-method status="PASS" signature="beforeMethod()[pri:0, instance:carcheck.TestRunner@7085bdee]" name="beforeMethod" is-config="true" duration-ms="10163" started-at="2020-06-13T23:19:47Z" finished-at="2020-06-13T23:19:57Z">
          <reporter-output>
          </reporter-output>
        </test-method> <!-- beforeMethod -->
        <test-method status="PASS" signature="instanceDbProvider(carcheck.model.CarModel)[pri:0, instance:carcheck.TestRunner@7085bdee]" name="instanceDbProvider" duration-ms="3196" started-at="2020-06-13T23:19:57Z" data-provider="testData" finished-at="2020-06-13T23:20:00Z">
          <params>
            <param index="0">
              <value>
                <![CDATA[CarModel [carNum=SG18HTN, carColor=null, make=null, year=null]]]>
              </value>
            </param>
          </params>
          <reporter-output>
          </reporter-output>
        </test-method> <!-- instanceDbProvider -->
        <test-method status="PASS" signature="cleanUp()[pri:0, instance:carcheck.TestRunner@7085bdee]" name="cleanUp" is-config="true" duration-ms="821" started-at="2020-06-13T23:20:00Z" finished-at="2020-06-13T23:20:01Z">
          <reporter-output>
          </reporter-output>
        </test-method> <!-- cleanUp -->
        <test-method status="PASS" signature="tearDownClass()[pri:0, instance:carcheck.TestRunner@7085bdee]" name="tearDownClass" is-config="true" duration-ms="0" started-at="2020-06-13T23:20:01Z" finished-at="2020-06-13T23:20:01Z">
          <reporter-output>
          </reporter-output>
        </test-method> <!-- tearDownClass -->
      </class> <!-- carcheck.TestRunner -->
    </test> <!-- Default test -->
  </suite> <!-- Default suite -->
</testng-results>
